<?xml version="1.0" encoding="UTF-8"?>
<testsuite xmlns:xsi="http://www.w3.org/2001/XMLSchema-instance" xsi:noNamespaceSchemaLocation="https://maven.apache.org/surefire/maven-surefire-plugin/xsd/surefire-test-report.xsd" name="cu.datys.drix.backend.filter.simple.SimpleFilterTest" time="0.157" tests="19" errors="1" skipped="0" failures="0">
  <properties>
[...]
</properties>
  <testcase name="testListOfTerms" classname="cu.datys.drix.backend.filter.simple.SimpleFilterTest" time="0.057"/>
  <testcase name="testRightParenthesisQuery" classname="cu.datys.drix.backend.filter.simple.SimpleFilterTest" time="0.013"/>
  <testcase name="testParenthesisQuery" classname="cu.datys.drix.backend.filter.simple.SimpleFilterTest" time="0.005"/>
  <testcase name="testAllFieldsQuery" classname="cu.datys.drix.backend.filter.simple.SimpleFilterTest" time="0.001"/>
  <testcase name="testListOfNumbers" classname="cu.datys.drix.backend.filter.simple.SimpleFilterTest" time="0.003"/>
  <testcase name="testListOfStrings" classname="cu.datys.drix.backend.filter.simple.SimpleFilterTest" time="0.003"/>
  <testcase name="testSimpleQueryNumberRange" classname="cu.datys.drix.backend.filter.simple.SimpleFilterTest" time="0.002"/>
  <testcase name="testManyConditionQuery" classname="cu.datys.drix.backend.filter.simple.SimpleFilterTest" time="0.006"/>
  <testcase name="testNestedParenthesisQuery" classname="cu.datys.drix.backend.filter.simple.SimpleFilterTest" time="0.02">
    <error message="Error en la posición 41: mismatched input &apos;192168431&apos; expecting {&apos;(&apos;, &apos;*&apos;, &apos;[&apos;, FIELD_SYMBOL}" type="cu.datys.drix.backend.filter.simple.exception.SimpleFilterException">cu.datys.drix.backend.filter.simple.exception.SimpleFilterException: Error en la posición 41: mismatched input '192168431' expecting {'(', '*', '[', FIELD_SYMBOL}
	at cu.datys.drix.backend.filter.simple.SimpleFilterTest.parseQuery(SimpleFilterTest.java:366)
	at cu.datys.drix.backend.filter.simple.SimpleFilterTest.testNestedParenthesisQuery(SimpleFilterTest.java:341)
</error>
  </testcase>
  <testcase name="testSimpleQueryNumber" classname="cu.datys.drix.backend.filter.simple.SimpleFilterTest" time="0.001"/>
  <testcase name="testSimpleQueryString" classname="cu.datys.drix.backend.filter.simple.SimpleFilterTest" time="0"/>
  <testcase name="testSimpleQueryBoolean" classname="cu.datys.drix.backend.filter.simple.SimpleFilterTest" time="0.001"/>
  <testcase name="testSimpleQueryDate" classname="cu.datys.drix.backend.filter.simple.SimpleFilterTest" time="0.01"/>
  <testcase name="testSimpleQueryTerm" classname="cu.datys.drix.backend.filter.simple.SimpleFilterTest" time="0.001"/>
  <testcase name="testLeftParenthesisQuery" classname="cu.datys.drix.backend.filter.simple.SimpleFilterTest" time="0.002"/>
  <testcase name="testErrorQueryString" classname="cu.datys.drix.backend.filter.simple.SimpleFilterTest" time="0.002"/>
  <testcase name="testSimpleQueryDateRange" classname="cu.datys.drix.backend.filter.simple.SimpleFilterTest" time="0.002"/>
  <testcase name="testSimpleQueryStringWithoutSymbol" classname="cu.datys.drix.backend.filter.simple.SimpleFilterTest" time="0.002"/>
  <testcase name="testOneConditionQuery" classname="cu.datys.drix.backend.filter.simple.SimpleFilterTest" time="0"/>
</testsuite>